The system is: Linux - 6.6.87.2-microsoft-standard-WSL2 - x86_64
Compiling the C compiler identification source file "CMakeCCompilerId.c" succeeded.
Compiler: /usr/bin/clang 
Build flags: 
Id flags:  

The output was:
0


Compilation of the C compiler identification source "CMakeCCompilerId.c" produced "a.out"

The C compiler identification is Clang, found in "/Ltest/build-debug/CMakeFiles/3.25.1/CompilerIdC/a.out"

Compiling the CXX compiler identification source file "CMakeCXXCompilerId.cpp" succeeded.
Compiler: /usr/bin/clang++ 
Build flags: 
Id flags:  

The output was:
0


Compilation of the CXX compiler identification source "CMakeCXXCompilerId.cpp" produced "a.out"

The CXX compiler identification is Clang, found in "/Ltest/build-debug/CMakeFiles/3.25.1/CompilerIdCXX/a.out"

Detecting C compiler ABI info compiled with the following output:
Change Dir: /Ltest/build-debug/CMakeFiles/CMakeScratch/TryCompile-CA0Rld

Run Build Command(s):/usr/bin/gmake -f Makefile cmTC_f1f1a/fast && /usr/bin/gmake  -f CMakeFiles/cmTC_f1f1a.dir/build.make CMakeFiles/cmTC_f1f1a.dir/build
gmake[1]: Entering directory '/Ltest/build-debug/CMakeFiles/CMakeScratch/TryCompile-CA0Rld'
Building C object CMakeFiles/cmTC_f1f1a.dir/CMakeCCompilerABI.c.o
/usr/bin/clang   -v -MD -MT CMakeFiles/cmTC_f1f1a.dir/CMakeCCompilerABI.c.o -MF CMakeFiles/cmTC_f1f1a.dir/CMakeCCompilerABI.c.o.d -o CMakeFiles/cmTC_f1f1a.dir/CMakeCCompilerABI.c.o -c /usr/share/cmake-3.25/Modules/CMakeCCompilerABI.c
Debian clang version 19.1.7 (3~deb12u1)
Target: x86_64-pc-linux-gnu
Thread model: posix
InstalledDir: /usr/lib/llvm-19/bin
Found candidate GCC installation: /usr/lib/gcc/x86_64-linux-gnu/11
Selected GCC installation: /usr/lib/gcc/x86_64-linux-gnu/11
Candidate multilib: .;@m64
Selected multilib: .;@m64
 (in-process)
 "/usr/lib/llvm-19/bin/clang" -cc1 -triple x86_64-pc-linux-gnu -emit-obj -disable-free -clear-ast-before-backend -disable-llvm-verifier -discard-value-names -main-file-name CMakeCCompilerABI.c -mrelocation-model pic -pic-level 2 -pic-is-pie -mframe-pointer=all -fmath-errno -ffp-contract=on -fno-rounding-math -mconstructor-aliases -funwind-tables=2 -target-cpu x86-64 -tune-cpu generic -debugger-tuning=gdb -fdebug-compilation-dir=/Ltest/build-debug/CMakeFiles/CMakeScratch/TryCompile-CA0Rld -v -fcoverage-compilation-dir=/Ltest/build-debug/CMakeFiles/CMakeScratch/TryCompile-CA0Rld -resource-dir /usr/lib/llvm-19/lib/clang/19 -dependency-file CMakeFiles/cmTC_f1f1a.dir/CMakeCCompilerABI.c.o.d -MT CMakeFiles/cmTC_f1f1a.dir/CMakeCCompilerABI.c.o -sys-header-deps -internal-isystem /usr/lib/llvm-19/lib/clang/19/include -internal-isystem /usr/local/include -internal-isystem /usr/lib/gcc/x86_64-linux-gnu/11/../../../../x86_64-linux-gnu/include -internal-externc-isystem /usr/include/x86_64-linux-gnu -internal-externc-isystem /include -internal-externc-isystem /usr/include -ferror-limit 19 -fgnuc-version=4.2.1 -fskip-odr-check-in-gmf -faddrsig -D__GCC_HAVE_DWARF2_CFI_ASM=1 -o CMakeFiles/cmTC_f1f1a.dir/CMakeCCompilerABI.c.o -x c /usr/share/cmake-3.25/Modules/CMakeCCompilerABI.c
clang -cc1 version 19.1.7 based upon LLVM 19.1.7 default target x86_64-pc-linux-gnu
ignoring nonexistent directory "/usr/lib/gcc/x86_64-linux-gnu/11/../../../../x86_64-linux-gnu/include"
ignoring nonexistent directory "/include"
#include "..." search starts here:
#include <...> search starts here:
 /usr/lib/llvm-19/lib/clang/19/include
 /usr/local/include
 /usr/include/x86_64-linux-gnu
 /usr/include
End of search list.
Linking C executable cmTC_f1f1a
/usr/bin/cmake -E cmake_link_script CMakeFiles/cmTC_f1f1a.dir/link.txt --verbose=1
/usr/bin/clang  -v CMakeFiles/cmTC_f1f1a.dir/CMakeCCompilerABI.c.o -o cmTC_f1f1a 
Debian clang version 19.1.7 (3~deb12u1)
Target: x86_64-pc-linux-gnu
Thread model: posix
InstalledDir: /usr/lib/llvm-19/bin
Found candidate GCC installation: /usr/lib/gcc/x86_64-linux-gnu/11
Selected GCC installation: /usr/lib/gcc/x86_64-linux-gnu/11
Candidate multilib: .;@m64
Selected multilib: .;@m64
 "/usr/bin/ld" --hash-style=gnu --build-id --eh-frame-hdr -m elf_x86_64 -pie -dynamic-linker /lib64/ld-linux-x86-64.so.2 -o cmTC_f1f1a /lib/x86_64-linux-gnu/Scrt1.o /lib/x86_64-linux-gnu/crti.o /usr/lib/gcc/x86_64-linux-gnu/11/crtbeginS.o -L/usr/lib/gcc/x86_64-linux-gnu/11 -L/usr/lib/gcc/x86_64-linux-gnu/11/../../../../lib64 -L/lib/x86_64-linux-gnu -L/lib/../lib64 -L/usr/lib/x86_64-linux-gnu -L/usr/lib/../lib64 -L/usr/lib/llvm-19/bin/../lib -L/lib -L/usr/lib CMakeFiles/cmTC_f1f1a.dir/CMakeCCompilerABI.c.o -lgcc --as-needed -lgcc_s --no-as-needed -lc -lgcc --as-needed -lgcc_s --no-as-needed /usr/lib/gcc/x86_64-linux-gnu/11/crtendS.o /lib/x86_64-linux-gnu/crtn.o
gmake[1]: Leaving directory '/Ltest/build-debug/CMakeFiles/CMakeScratch/TryCompile-CA0Rld'



Parsed C implicit include dir info from above output: rv=done
  found start of include info
  found start of implicit include info
    add: [/usr/lib/llvm-19/lib/clang/19/include]
    add: [/usr/local/include]
    add: [/usr/include/x86_64-linux-gnu]
    add: [/usr/include]
  end of search list found
  collapse include dir [/usr/lib/llvm-19/lib/clang/19/include] ==> [/usr/lib/llvm-19/lib/clang/19/include]
  collapse include dir [/usr/local/include] ==> [/usr/local/include]
  collapse include dir [/usr/include/x86_64-linux-gnu] ==> [/usr/include/x86_64-linux-gnu]
  collapse include dir [/usr/include] ==> [/usr/include]
  implicit include dirs: [/usr/lib/llvm-19/lib/clang/19/include;/usr/local/include;/usr/include/x86_64-linux-gnu;/usr/include]


Parsed C implicit link information from above output:
  link line regex: [^( *|.*[/\])(ld\.lld|CMAKE_LINK_STARTFILE-NOTFOUND|([^/\]+-)?ld|collect2)[^/\]*( |$)]
  ignore line: [Change Dir: /Ltest/build-debug/CMakeFiles/CMakeScratch/TryCompile-CA0Rld]
  ignore line: []
  ignore line: [Run Build Command(s):/usr/bin/gmake -f Makefile cmTC_f1f1a/fast && /usr/bin/gmake  -f CMakeFiles/cmTC_f1f1a.dir/build.make CMakeFiles/cmTC_f1f1a.dir/build]
  ignore line: [gmake[1]: Entering directory '/Ltest/build-debug/CMakeFiles/CMakeScratch/TryCompile-CA0Rld']
  ignore line: [Building C object CMakeFiles/cmTC_f1f1a.dir/CMakeCCompilerABI.c.o]
  ignore line: [/usr/bin/clang   -v -MD -MT CMakeFiles/cmTC_f1f1a.dir/CMakeCCompilerABI.c.o -MF CMakeFiles/cmTC_f1f1a.dir/CMakeCCompilerABI.c.o.d -o CMakeFiles/cmTC_f1f1a.dir/CMakeCCompilerABI.c.o -c /usr/share/cmake-3.25/Modules/CMakeCCompilerABI.c]
  ignore line: [Debian clang version 19.1.7 (3~deb12u1)]
  ignore line: [Target: x86_64-pc-linux-gnu]
  ignore line: [Thread model: posix]
  ignore line: [InstalledDir: /usr/lib/llvm-19/bin]
  ignore line: [Found candidate GCC installation: /usr/lib/gcc/x86_64-linux-gnu/11]
  ignore line: [Selected GCC installation: /usr/lib/gcc/x86_64-linux-gnu/11]
  ignore line: [Candidate multilib: .]
  ignore line: [@m64]
  ignore line: [Selected multilib: .]
  ignore line: [@m64]
  ignore line: [ (in-process)]
  ignore line: [ "/usr/lib/llvm-19/bin/clang" -cc1 -triple x86_64-pc-linux-gnu -emit-obj -disable-free -clear-ast-before-backend -disable-llvm-verifier -discard-value-names -main-file-name CMakeCCompilerABI.c -mrelocation-model pic -pic-level 2 -pic-is-pie -mframe-pointer=all -fmath-errno -ffp-contract=on -fno-rounding-math -mconstructor-aliases -funwind-tables=2 -target-cpu x86-64 -tune-cpu generic -debugger-tuning=gdb -fdebug-compilation-dir=/Ltest/build-debug/CMakeFiles/CMakeScratch/TryCompile-CA0Rld -v -fcoverage-compilation-dir=/Ltest/build-debug/CMakeFiles/CMakeScratch/TryCompile-CA0Rld -resource-dir /usr/lib/llvm-19/lib/clang/19 -dependency-file CMakeFiles/cmTC_f1f1a.dir/CMakeCCompilerABI.c.o.d -MT CMakeFiles/cmTC_f1f1a.dir/CMakeCCompilerABI.c.o -sys-header-deps -internal-isystem /usr/lib/llvm-19/lib/clang/19/include -internal-isystem /usr/local/include -internal-isystem /usr/lib/gcc/x86_64-linux-gnu/11/../../../../x86_64-linux-gnu/include -internal-externc-isystem /usr/include/x86_64-linux-gnu -internal-externc-isystem /include -internal-externc-isystem /usr/include -ferror-limit 19 -fgnuc-version=4.2.1 -fskip-odr-check-in-gmf -faddrsig -D__GCC_HAVE_DWARF2_CFI_ASM=1 -o CMakeFiles/cmTC_f1f1a.dir/CMakeCCompilerABI.c.o -x c /usr/share/cmake-3.25/Modules/CMakeCCompilerABI.c]
  ignore line: [clang -cc1 version 19.1.7 based upon LLVM 19.1.7 default target x86_64-pc-linux-gnu]
  ignore line: [ignoring nonexistent directory "/usr/lib/gcc/x86_64-linux-gnu/11/../../../../x86_64-linux-gnu/include"]
  ignore line: [ignoring nonexistent directory "/include"]
  ignore line: [#include "..." search starts here:]
  ignore line: [#include <...> search starts here:]
  ignore line: [ /usr/lib/llvm-19/lib/clang/19/include]
  ignore line: [ /usr/local/include]
  ignore line: [ /usr/include/x86_64-linux-gnu]
  ignore line: [ /usr/include]
  ignore line: [End of search list.]
  ignore line: [Linking C executable cmTC_f1f1a]
  ignore line: [/usr/bin/cmake -E cmake_link_script CMakeFiles/cmTC_f1f1a.dir/link.txt --verbose=1]
  ignore line: [/usr/bin/clang  -v CMakeFiles/cmTC_f1f1a.dir/CMakeCCompilerABI.c.o -o cmTC_f1f1a ]
  ignore line: [Debian clang version 19.1.7 (3~deb12u1)]
  ignore line: [Target: x86_64-pc-linux-gnu]
  ignore line: [Thread model: posix]
  ignore line: [InstalledDir: /usr/lib/llvm-19/bin]
  ignore line: [Found candidate GCC installation: /usr/lib/gcc/x86_64-linux-gnu/11]
  ignore line: [Selected GCC installation: /usr/lib/gcc/x86_64-linux-gnu/11]
  ignore line: [Candidate multilib: .]
  ignore line: [@m64]
  ignore line: [Selected multilib: .]
  ignore line: [@m64]
  link line: [ "/usr/bin/ld" --hash-style=gnu --build-id --eh-frame-hdr -m elf_x86_64 -pie -dynamic-linker /lib64/ld-linux-x86-64.so.2 -o cmTC_f1f1a /lib/x86_64-linux-gnu/Scrt1.o /lib/x86_64-linux-gnu/crti.o /usr/lib/gcc/x86_64-linux-gnu/11/crtbeginS.o -L/usr/lib/gcc/x86_64-linux-gnu/11 -L/usr/lib/gcc/x86_64-linux-gnu/11/../../../../lib64 -L/lib/x86_64-linux-gnu -L/lib/../lib64 -L/usr/lib/x86_64-linux-gnu -L/usr/lib/../lib64 -L/usr/lib/llvm-19/bin/../lib -L/lib -L/usr/lib CMakeFiles/cmTC_f1f1a.dir/CMakeCCompilerABI.c.o -lgcc --as-needed -lgcc_s --no-as-needed -lc -lgcc --as-needed -lgcc_s --no-as-needed /usr/lib/gcc/x86_64-linux-gnu/11/crtendS.o /lib/x86_64-linux-gnu/crtn.o]
    arg [/usr/bin/ld] ==> ignore
    arg [--hash-style=gnu] ==> ignore
    arg [--build-id] ==> ignore
    arg [--eh-frame-hdr] ==> ignore
    arg [-m] ==> ignore
    arg [elf_x86_64] ==> ignore
    arg [-pie] ==> ignore
    arg [-dynamic-linker] ==> ignore
    arg [/lib64/ld-linux-x86-64.so.2] ==> ignore
    arg [-o] ==> ignore
    arg [cmTC_f1f1a] ==> ignore
    arg [/lib/x86_64-linux-gnu/Scrt1.o] ==> obj [/lib/x86_64-linux-gnu/Scrt1.o]
    arg [/lib/x86_64-linux-gnu/crti.o] ==> obj [/lib/x86_64-linux-gnu/crti.o]
    arg [/usr/lib/gcc/x86_64-linux-gnu/11/crtbeginS.o] ==> obj [/usr/lib/gcc/x86_64-linux-gnu/11/crtbeginS.o]
    arg [-L/usr/lib/gcc/x86_64-linux-gnu/11] ==> dir [/usr/lib/gcc/x86_64-linux-gnu/11]
    arg [-L/usr/lib/gcc/x86_64-linux-gnu/11/../../../../lib64] ==> dir [/usr/lib/gcc/x86_64-linux-gnu/11/../../../../lib64]
    arg [-L/lib/x86_64-linux-gnu] ==> dir [/lib/x86_64-linux-gnu]
    arg [-L/lib/../lib64] ==> dir [/lib/../lib64]
    arg [-L/usr/lib/x86_64-linux-gnu] ==> dir [/usr/lib/x86_64-linux-gnu]
    arg [-L/usr/lib/../lib64] ==> dir [/usr/lib/../lib64]
    arg [-L/usr/lib/llvm-19/bin/../lib] ==> dir [/usr/lib/llvm-19/bin/../lib]
    arg [-L/lib] ==> dir [/lib]
    arg [-L/usr/lib] ==> dir [/usr/lib]
    arg [CMakeFiles/cmTC_f1f1a.dir/CMakeCCompilerABI.c.o] ==> ignore
    arg [-lgcc] ==> lib [gcc]
    arg [--as-needed] ==> ignore
    arg [-lgcc_s] ==> lib [gcc_s]
    arg [--no-as-needed] ==> ignore
    arg [-lc] ==> lib [c]
    arg [-lgcc] ==> lib [gcc]
    arg [--as-needed] ==> ignore
    arg [-lgcc_s] ==> lib [gcc_s]
    arg [--no-as-needed] ==> ignore
    arg [/usr/lib/gcc/x86_64-linux-gnu/11/crtendS.o] ==> obj [/usr/lib/gcc/x86_64-linux-gnu/11/crtendS.o]
    arg [/lib/x86_64-linux-gnu/crtn.o] ==> obj [/lib/x86_64-linux-gnu/crtn.o]
  collapse library dir [/usr/lib/gcc/x86_64-linux-gnu/11] ==> [/usr/lib/gcc/x86_64-linux-gnu/11]
  collapse library dir [/usr/lib/gcc/x86_64-linux-gnu/11/../../../../lib64] ==> [/usr/lib64]
  collapse library dir [/lib/x86_64-linux-gnu] ==> [/lib/x86_64-linux-gnu]
  collapse library dir [/lib/../lib64] ==> [/lib64]
  collapse library dir [/usr/lib/x86_64-linux-gnu] ==> [/usr/lib/x86_64-linux-gnu]
  collapse library dir [/usr/lib/../lib64] ==> [/usr/lib64]
  collapse library dir [/usr/lib/llvm-19/bin/../lib] ==> [/usr/lib/llvm-19/lib]
  collapse library dir [/lib] ==> [/lib]
  collapse library dir [/usr/lib] ==> [/usr/lib]
  implicit libs: [gcc;gcc_s;c;gcc;gcc_s]
  implicit objs: [/lib/x86_64-linux-gnu/Scrt1.o;/lib/x86_64-linux-gnu/crti.o;/usr/lib/gcc/x86_64-linux-gnu/11/crtbeginS.o;/usr/lib/gcc/x86_64-linux-gnu/11/crtendS.o;/lib/x86_64-linux-gnu/crtn.o]
  implicit dirs: [/usr/lib/gcc/x86_64-linux-gnu/11;/usr/lib64;/lib/x86_64-linux-gnu;/lib64;/usr/lib/x86_64-linux-gnu;/usr/lib/llvm-19/lib;/lib;/usr/lib]
  implicit fwks: []


Detecting CXX compiler ABI info compiled with the following output:
Change Dir: /Ltest/build-debug/CMakeFiles/CMakeScratch/TryCompile-nnobtn

Run Build Command(s):/usr/bin/gmake -f Makefile cmTC_b3a91/fast && /usr/bin/gmake  -f CMakeFiles/cmTC_b3a91.dir/build.make CMakeFiles/cmTC_b3a91.dir/build
gmake[1]: Entering directory '/Ltest/build-debug/CMakeFiles/CMakeScratch/TryCompile-nnobtn'
Building CXX object CMakeFiles/cmTC_b3a91.dir/CMakeCXXCompilerABI.cpp.o
/usr/bin/clang++   -v -MD -MT CMakeFiles/cmTC_b3a91.dir/CMakeCXXCompilerABI.cpp.o -MF CMakeFiles/cmTC_b3a91.dir/CMakeCXXCompilerABI.cpp.o.d -o CMakeFiles/cmTC_b3a91.dir/CMakeCXXCompilerABI.cpp.o -c /usr/share/cmake-3.25/Modules/CMakeCXXCompilerABI.cpp
Debian clang version 19.1.7 (3~deb12u1)
Target: x86_64-pc-linux-gnu
Thread model: posix
InstalledDir: /usr/lib/llvm-19/bin
Found candidate GCC installation: /usr/lib/gcc/x86_64-linux-gnu/11
Selected GCC installation: /usr/lib/gcc/x86_64-linux-gnu/11
Candidate multilib: .;@m64
Selected multilib: .;@m64
 (in-process)
 "/usr/lib/llvm-19/bin/clang" -cc1 -triple x86_64-pc-linux-gnu -emit-obj -disable-free -clear-ast-before-backend -disable-llvm-verifier -discard-value-names -main-file-name CMakeCXXCompilerABI.cpp -mrelocation-model pic -pic-level 2 -pic-is-pie -mframe-pointer=all -fmath-errno -ffp-contract=on -fno-rounding-math -mconstructor-aliases -funwind-tables=2 -target-cpu x86-64 -tune-cpu generic -debugger-tuning=gdb -fdebug-compilation-dir=/Ltest/build-debug/CMakeFiles/CMakeScratch/TryCompile-nnobtn -v -fcoverage-compilation-dir=/Ltest/build-debug/CMakeFiles/CMakeScratch/TryCompile-nnobtn -resource-dir /usr/lib/llvm-19/lib/clang/19 -dependency-file CMakeFiles/cmTC_b3a91.dir/CMakeCXXCompilerABI.cpp.o.d -MT CMakeFiles/cmTC_b3a91.dir/CMakeCXXCompilerABI.cpp.o -sys-header-deps -internal-isystem /usr/lib/gcc/x86_64-linux-gnu/11/../../../../include/c++/11 -internal-isystem /usr/lib/gcc/x86_64-linux-gnu/11/../../../../include/x86_64-linux-gnu/c++/11 -internal-isystem /usr/lib/gcc/x86_64-linux-gnu/11/../../../../include/c++/11/backward -internal-isystem /usr/lib/llvm-19/lib/clang/19/include -internal-isystem /usr/local/include -internal-isystem /usr/lib/gcc/x86_64-linux-gnu/11/../../../../x86_64-linux-gnu/include -internal-externc-isystem /usr/include/x86_64-linux-gnu -internal-externc-isystem /include -internal-externc-isystem /usr/include -fdeprecated-macro -ferror-limit 19 -fgnuc-version=4.2.1 -fskip-odr-check-in-gmf -fcxx-exceptions -fexceptions -faddrsig -D__GCC_HAVE_DWARF2_CFI_ASM=1 -o CMakeFiles/cmTC_b3a91.dir/CMakeCXXCompilerABI.cpp.o -x c++ /usr/share/cmake-3.25/Modules/CMakeCXXCompilerABI.cpp
clang -cc1 version 19.1.7 based upon LLVM 19.1.7 default target x86_64-pc-linux-gnu
ignoring nonexistent directory "/usr/lib/gcc/x86_64-linux-gnu/11/../../../../x86_64-linux-gnu/include"
ignoring nonexistent directory "/include"
#include "..." search starts here:
#include <...> search starts here:
 /usr/lib/gcc/x86_64-linux-gnu/11/../../../../include/c++/11
 /usr/lib/gcc/x86_64-linux-gnu/11/../../../../include/x86_64-linux-gnu/c++/11
 /usr/lib/gcc/x86_64-linux-gnu/11/../../../../include/c++/11/backward
 /usr/lib/llvm-19/lib/clang/19/include
 /usr/local/include
 /usr/include/x86_64-linux-gnu
 /usr/include
End of search list.
Linking CXX executable cmTC_b3a91
/usr/bin/cmake -E cmake_link_script CMakeFiles/cmTC_b3a91.dir/link.txt --verbose=1
/usr/bin/clang++  -v CMakeFiles/cmTC_b3a91.dir/CMakeCXXCompilerABI.cpp.o -o cmTC_b3a91 
Debian clang version 19.1.7 (3~deb12u1)
Target: x86_64-pc-linux-gnu
Thread model: posix
InstalledDir: /usr/lib/llvm-19/bin
Found candidate GCC installation: /usr/lib/gcc/x86_64-linux-gnu/11
Selected GCC installation: /usr/lib/gcc/x86_64-linux-gnu/11
Candidate multilib: .;@m64
Selected multilib: .;@m64
 "/usr/bin/ld" --hash-style=gnu --build-id --eh-frame-hdr -m elf_x86_64 -pie -dynamic-linker /lib64/ld-linux-x86-64.so.2 -o cmTC_b3a91 /lib/x86_64-linux-gnu/Scrt1.o /lib/x86_64-linux-gnu/crti.o /usr/lib/gcc/x86_64-linux-gnu/11/crtbeginS.o -L/usr/lib/gcc/x86_64-linux-gnu/11 -L/usr/lib/gcc/x86_64-linux-gnu/11/../../../../lib64 -L/lib/x86_64-linux-gnu -L/lib/../lib64 -L/usr/lib/x86_64-linux-gnu -L/usr/lib/../lib64 -L/usr/lib/llvm-19/bin/../lib -L/lib -L/usr/lib CMakeFiles/cmTC_b3a91.dir/CMakeCXXCompilerABI.cpp.o -lstdc++ -lm -lgcc_s -lgcc -lc -lgcc_s -lgcc /usr/lib/gcc/x86_64-linux-gnu/11/crtendS.o /lib/x86_64-linux-gnu/crtn.o
gmake[1]: Leaving directory '/Ltest/build-debug/CMakeFiles/CMakeScratch/TryCompile-nnobtn'



Parsed CXX implicit include dir info from above output: rv=done
  found start of include info
  found start of implicit include info
    add: [/usr/lib/gcc/x86_64-linux-gnu/11/../../../../include/c++/11]
    add: [/usr/lib/gcc/x86_64-linux-gnu/11/../../../../include/x86_64-linux-gnu/c++/11]
    add: [/usr/lib/gcc/x86_64-linux-gnu/11/../../../../include/c++/11/backward]
    add: [/usr/lib/llvm-19/lib/clang/19/include]
    add: [/usr/local/include]
    add: [/usr/include/x86_64-linux-gnu]
    add: [/usr/include]
  end of search list found
  collapse include dir [/usr/lib/gcc/x86_64-linux-gnu/11/../../../../include/c++/11] ==> [/usr/include/c++/11]
  collapse include dir [/usr/lib/gcc/x86_64-linux-gnu/11/../../../../include/x86_64-linux-gnu/c++/11] ==> [/usr/include/x86_64-linux-gnu/c++/11]
  collapse include dir [/usr/lib/gcc/x86_64-linux-gnu/11/../../../../include/c++/11/backward] ==> [/usr/include/c++/11/backward]
  collapse include dir [/usr/lib/llvm-19/lib/clang/19/include] ==> [/usr/lib/llvm-19/lib/clang/19/include]
  collapse include dir [/usr/local/include] ==> [/usr/local/include]
  collapse include dir [/usr/include/x86_64-linux-gnu] ==> [/usr/include/x86_64-linux-gnu]
  collapse include dir [/usr/include] ==> [/usr/include]
  implicit include dirs: [/usr/include/c++/11;/usr/include/x86_64-linux-gnu/c++/11;/usr/include/c++/11/backward;/usr/lib/llvm-19/lib/clang/19/include;/usr/local/include;/usr/include/x86_64-linux-gnu;/usr/include]


Parsed CXX implicit link information from above output:
  link line regex: [^( *|.*[/\])(ld\.lld|CMAKE_LINK_STARTFILE-NOTFOUND|([^/\]+-)?ld|collect2)[^/\]*( |$)]
  ignore line: [Change Dir: /Ltest/build-debug/CMakeFiles/CMakeScratch/TryCompile-nnobtn]
  ignore line: []
  ignore line: [Run Build Command(s):/usr/bin/gmake -f Makefile cmTC_b3a91/fast && /usr/bin/gmake  -f CMakeFiles/cmTC_b3a91.dir/build.make CMakeFiles/cmTC_b3a91.dir/build]
  ignore line: [gmake[1]: Entering directory '/Ltest/build-debug/CMakeFiles/CMakeScratch/TryCompile-nnobtn']
  ignore line: [Building CXX object CMakeFiles/cmTC_b3a91.dir/CMakeCXXCompilerABI.cpp.o]
  ignore line: [/usr/bin/clang++   -v -MD -MT CMakeFiles/cmTC_b3a91.dir/CMakeCXXCompilerABI.cpp.o -MF CMakeFiles/cmTC_b3a91.dir/CMakeCXXCompilerABI.cpp.o.d -o CMakeFiles/cmTC_b3a91.dir/CMakeCXXCompilerABI.cpp.o -c /usr/share/cmake-3.25/Modules/CMakeCXXCompilerABI.cpp]
  ignore line: [Debian clang version 19.1.7 (3~deb12u1)]
  ignore line: [Target: x86_64-pc-linux-gnu]
  ignore line: [Thread model: posix]
  ignore line: [InstalledDir: /usr/lib/llvm-19/bin]
  ignore line: [Found candidate GCC installation: /usr/lib/gcc/x86_64-linux-gnu/11]
  ignore line: [Selected GCC installation: /usr/lib/gcc/x86_64-linux-gnu/11]
  ignore line: [Candidate multilib: .]
  ignore line: [@m64]
  ignore line: [Selected multilib: .]
  ignore line: [@m64]
  ignore line: [ (in-process)]
  ignore line: [ "/usr/lib/llvm-19/bin/clang" -cc1 -triple x86_64-pc-linux-gnu -emit-obj -disable-free -clear-ast-before-backend -disable-llvm-verifier -discard-value-names -main-file-name CMakeCXXCompilerABI.cpp -mrelocation-model pic -pic-level 2 -pic-is-pie -mframe-pointer=all -fmath-errno -ffp-contract=on -fno-rounding-math -mconstructor-aliases -funwind-tables=2 -target-cpu x86-64 -tune-cpu generic -debugger-tuning=gdb -fdebug-compilation-dir=/Ltest/build-debug/CMakeFiles/CMakeScratch/TryCompile-nnobtn -v -fcoverage-compilation-dir=/Ltest/build-debug/CMakeFiles/CMakeScratch/TryCompile-nnobtn -resource-dir /usr/lib/llvm-19/lib/clang/19 -dependency-file CMakeFiles/cmTC_b3a91.dir/CMakeCXXCompilerABI.cpp.o.d -MT CMakeFiles/cmTC_b3a91.dir/CMakeCXXCompilerABI.cpp.o -sys-header-deps -internal-isystem /usr/lib/gcc/x86_64-linux-gnu/11/../../../../include/c++/11 -internal-isystem /usr/lib/gcc/x86_64-linux-gnu/11/../../../../include/x86_64-linux-gnu/c++/11 -internal-isystem /usr/lib/gcc/x86_64-linux-gnu/11/../../../../include/c++/11/backward -internal-isystem /usr/lib/llvm-19/lib/clang/19/include -internal-isystem /usr/local/include -internal-isystem /usr/lib/gcc/x86_64-linux-gnu/11/../../../../x86_64-linux-gnu/include -internal-externc-isystem /usr/include/x86_64-linux-gnu -internal-externc-isystem /include -internal-externc-isystem /usr/include -fdeprecated-macro -ferror-limit 19 -fgnuc-version=4.2.1 -fskip-odr-check-in-gmf -fcxx-exceptions -fexceptions -faddrsig -D__GCC_HAVE_DWARF2_CFI_ASM=1 -o CMakeFiles/cmTC_b3a91.dir/CMakeCXXCompilerABI.cpp.o -x c++ /usr/share/cmake-3.25/Modules/CMakeCXXCompilerABI.cpp]
  ignore line: [clang -cc1 version 19.1.7 based upon LLVM 19.1.7 default target x86_64-pc-linux-gnu]
  ignore line: [ignoring nonexistent directory "/usr/lib/gcc/x86_64-linux-gnu/11/../../../../x86_64-linux-gnu/include"]
  ignore line: [ignoring nonexistent directory "/include"]
  ignore line: [#include "..." search starts here:]
  ignore line: [#include <...> search starts here:]
  ignore line: [ /usr/lib/gcc/x86_64-linux-gnu/11/../../../../include/c++/11]
  ignore line: [ /usr/lib/gcc/x86_64-linux-gnu/11/../../../../include/x86_64-linux-gnu/c++/11]
  ignore line: [ /usr/lib/gcc/x86_64-linux-gnu/11/../../../../include/c++/11/backward]
  ignore line: [ /usr/lib/llvm-19/lib/clang/19/include]
  ignore line: [ /usr/local/include]
  ignore line: [ /usr/include/x86_64-linux-gnu]
  ignore line: [ /usr/include]
  ignore line: [End of search list.]
  ignore line: [Linking CXX executable cmTC_b3a91]
  ignore line: [/usr/bin/cmake -E cmake_link_script CMakeFiles/cmTC_b3a91.dir/link.txt --verbose=1]
  ignore line: [/usr/bin/clang++  -v CMakeFiles/cmTC_b3a91.dir/CMakeCXXCompilerABI.cpp.o -o cmTC_b3a91 ]
  ignore line: [Debian clang version 19.1.7 (3~deb12u1)]
  ignore line: [Target: x86_64-pc-linux-gnu]
  ignore line: [Thread model: posix]
  ignore line: [InstalledDir: /usr/lib/llvm-19/bin]
  ignore line: [Found candidate GCC installation: /usr/lib/gcc/x86_64-linux-gnu/11]
  ignore line: [Selected GCC installation: /usr/lib/gcc/x86_64-linux-gnu/11]
  ignore line: [Candidate multilib: .]
  ignore line: [@m64]
  ignore line: [Selected multilib: .]
  ignore line: [@m64]
  link line: [ "/usr/bin/ld" --hash-style=gnu --build-id --eh-frame-hdr -m elf_x86_64 -pie -dynamic-linker /lib64/ld-linux-x86-64.so.2 -o cmTC_b3a91 /lib/x86_64-linux-gnu/Scrt1.o /lib/x86_64-linux-gnu/crti.o /usr/lib/gcc/x86_64-linux-gnu/11/crtbeginS.o -L/usr/lib/gcc/x86_64-linux-gnu/11 -L/usr/lib/gcc/x86_64-linux-gnu/11/../../../../lib64 -L/lib/x86_64-linux-gnu -L/lib/../lib64 -L/usr/lib/x86_64-linux-gnu -L/usr/lib/../lib64 -L/usr/lib/llvm-19/bin/../lib -L/lib -L/usr/lib CMakeFiles/cmTC_b3a91.dir/CMakeCXXCompilerABI.cpp.o -lstdc++ -lm -lgcc_s -lgcc -lc -lgcc_s -lgcc /usr/lib/gcc/x86_64-linux-gnu/11/crtendS.o /lib/x86_64-linux-gnu/crtn.o]
    arg [/usr/bin/ld] ==> ignore
    arg [--hash-style=gnu] ==> ignore
    arg [--build-id] ==> ignore
    arg [--eh-frame-hdr] ==> ignore
    arg [-m] ==> ignore
    arg [elf_x86_64] ==> ignore
    arg [-pie] ==> ignore
    arg [-dynamic-linker] ==> ignore
    arg [/lib64/ld-linux-x86-64.so.2] ==> ignore
    arg [-o] ==> ignore
    arg [cmTC_b3a91] ==> ignore
    arg [/lib/x86_64-linux-gnu/Scrt1.o] ==> obj [/lib/x86_64-linux-gnu/Scrt1.o]
    arg [/lib/x86_64-linux-gnu/crti.o] ==> obj [/lib/x86_64-linux-gnu/crti.o]
    arg [/usr/lib/gcc/x86_64-linux-gnu/11/crtbeginS.o] ==> obj [/usr/lib/gcc/x86_64-linux-gnu/11/crtbeginS.o]
    arg [-L/usr/lib/gcc/x86_64-linux-gnu/11] ==> dir [/usr/lib/gcc/x86_64-linux-gnu/11]
    arg [-L/usr/lib/gcc/x86_64-linux-gnu/11/../../../../lib64] ==> dir [/usr/lib/gcc/x86_64-linux-gnu/11/../../../../lib64]
    arg [-L/lib/x86_64-linux-gnu] ==> dir [/lib/x86_64-linux-gnu]
    arg [-L/lib/../lib64] ==> dir [/lib/../lib64]
    arg [-L/usr/lib/x86_64-linux-gnu] ==> dir [/usr/lib/x86_64-linux-gnu]
    arg [-L/usr/lib/../lib64] ==> dir [/usr/lib/../lib64]
    arg [-L/usr/lib/llvm-19/bin/../lib] ==> dir [/usr/lib/llvm-19/bin/../lib]
    arg [-L/lib] ==> dir [/lib]
    arg [-L/usr/lib] ==> dir [/usr/lib]
    arg [CMakeFiles/cmTC_b3a91.dir/CMakeCXXCompilerABI.cpp.o] ==> ignore
    arg [-lstdc++] ==> lib [stdc++]
    arg [-lm] ==> lib [m]
    arg [-lgcc_s] ==> lib [gcc_s]
    arg [-lgcc] ==> lib [gcc]
    arg [-lc] ==> lib [c]
    arg [-lgcc_s] ==> lib [gcc_s]
    arg [-lgcc] ==> lib [gcc]
    arg [/usr/lib/gcc/x86_64-linux-gnu/11/crtendS.o] ==> obj [/usr/lib/gcc/x86_64-linux-gnu/11/crtendS.o]
    arg [/lib/x86_64-linux-gnu/crtn.o] ==> obj [/lib/x86_64-linux-gnu/crtn.o]
  collapse library dir [/usr/lib/gcc/x86_64-linux-gnu/11] ==> [/usr/lib/gcc/x86_64-linux-gnu/11]
  collapse library dir [/usr/lib/gcc/x86_64-linux-gnu/11/../../../../lib64] ==> [/usr/lib64]
  collapse library dir [/lib/x86_64-linux-gnu] ==> [/lib/x86_64-linux-gnu]
  collapse library dir [/lib/../lib64] ==> [/lib64]
  collapse library dir [/usr/lib/x86_64-linux-gnu] ==> [/usr/lib/x86_64-linux-gnu]
  collapse library dir [/usr/lib/../lib64] ==> [/usr/lib64]
  collapse library dir [/usr/lib/llvm-19/bin/../lib] ==> [/usr/lib/llvm-19/lib]
  collapse library dir [/lib] ==> [/lib]
  collapse library dir [/usr/lib] ==> [/usr/lib]
  implicit libs: [stdc++;m;gcc_s;gcc;c;gcc_s;gcc]
  implicit objs: [/lib/x86_64-linux-gnu/Scrt1.o;/lib/x86_64-linux-gnu/crti.o;/usr/lib/gcc/x86_64-linux-gnu/11/crtbeginS.o;/usr/lib/gcc/x86_64-linux-gnu/11/crtendS.o;/lib/x86_64-linux-gnu/crtn.o]
  implicit dirs: [/usr/lib/gcc/x86_64-linux-gnu/11;/usr/lib64;/lib/x86_64-linux-gnu;/lib64;/usr/lib/x86_64-linux-gnu;/usr/lib/llvm-19/lib;/lib;/usr/lib]
  implicit fwks: []


Performing C++ SOURCE FILE Test ABSL_INTERNAL_AT_LEAST_CXX17 succeeded with the following output:
Change Dir: /Ltest/build-debug/CMakeFiles/CMakeScratch/TryCompile-GsEVw6

Run Build Command(s):/usr/bin/gmake -f Makefile cmTC_75ee1/fast && /usr/bin/gmake  -f CMakeFiles/cmTC_75ee1.dir/build.make CMakeFiles/cmTC_75ee1.dir/build
gmake[1]: Entering directory '/Ltest/build-debug/CMakeFiles/CMakeScratch/TryCompile-GsEVw6'
Building CXX object CMakeFiles/cmTC_75ee1.dir/src.cxx.o
/usr/bin/clang++ -DABSL_INTERNAL_AT_LEAST_CXX17  -std=gnu++17 -MD -MT CMakeFiles/cmTC_75ee1.dir/src.cxx.o -MF CMakeFiles/cmTC_75ee1.dir/src.cxx.o.d -o CMakeFiles/cmTC_75ee1.dir/src.cxx.o -c /Ltest/build-debug/CMakeFiles/CMakeScratch/TryCompile-GsEVw6/src.cxx
Linking CXX executable cmTC_75ee1
/usr/bin/cmake -E cmake_link_script CMakeFiles/cmTC_75ee1.dir/link.txt --verbose=1
/usr/bin/clang++ CMakeFiles/cmTC_75ee1.dir/src.cxx.o -o cmTC_75ee1 
gmake[1]: Leaving directory '/Ltest/build-debug/CMakeFiles/CMakeScratch/TryCompile-GsEVw6'


Source file was:
#ifdef _MSC_VER
#  if _MSVC_LANG < 201703L
#    error "The compiler defaults or is configured for C++ < 17"
#  endif
#elif __cplusplus < 201703L
#  error "The compiler defaults or is configured for C++ < 17"
#endif
int main() { return 0; }


Performing C SOURCE FILE Test CMAKE_HAVE_LIBC_PTHREAD succeeded with the following output:
Change Dir: /Ltest/build-debug/CMakeFiles/CMakeScratch/TryCompile-qEUWZe

Run Build Command(s):/usr/bin/gmake -f Makefile cmTC_cd9e6/fast && /usr/bin/gmake  -f CMakeFiles/cmTC_cd9e6.dir/build.make CMakeFiles/cmTC_cd9e6.dir/build
gmake[1]: Entering directory '/Ltest/build-debug/CMakeFiles/CMakeScratch/TryCompile-qEUWZe'
Building C object CMakeFiles/cmTC_cd9e6.dir/src.c.o
/usr/bin/clang -DCMAKE_HAVE_LIBC_PTHREAD   -MD -MT CMakeFiles/cmTC_cd9e6.dir/src.c.o -MF CMakeFiles/cmTC_cd9e6.dir/src.c.o.d -o CMakeFiles/cmTC_cd9e6.dir/src.c.o -c /Ltest/build-debug/CMakeFiles/CMakeScratch/TryCompile-qEUWZe/src.c
Linking C executable cmTC_cd9e6
/usr/bin/cmake -E cmake_link_script CMakeFiles/cmTC_cd9e6.dir/link.txt --verbose=1
/usr/bin/clang CMakeFiles/cmTC_cd9e6.dir/src.c.o -o cmTC_cd9e6 
gmake[1]: Leaving directory '/Ltest/build-debug/CMakeFiles/CMakeScratch/TryCompile-qEUWZe'


Source file was:
#include <pthread.h>

static void* test_func(void* data)
{
  return data;
}

int main(void)
{
  pthread_t thread;
  pthread_create(&thread, NULL, test_func, NULL);
  pthread_detach(thread);
  pthread_cancel(thread);
  pthread_join(thread, NULL);
  pthread_atfork(NULL, NULL, NULL);
  pthread_exit(NULL);

  return 0;
}


Performing C++ SOURCE FILE Test ABSL_INTERNAL_AT_LEAST_CXX17 succeeded with the following output:
Change Dir: /Ltest/build-debug/CMakeFiles/CMakeScratch/TryCompile-n5rwKX

Run Build Command(s):/usr/bin/gmake -f Makefile cmTC_f176d/fast && /usr/bin/gmake  -f CMakeFiles/cmTC_f176d.dir/build.make CMakeFiles/cmTC_f176d.dir/build
gmake[1]: Entering directory '/Ltest/build-debug/CMakeFiles/CMakeScratch/TryCompile-n5rwKX'
Building CXX object CMakeFiles/cmTC_f176d.dir/src.cxx.o
/usr/bin/clang++ -DABSL_INTERNAL_AT_LEAST_CXX17  -std=gnu++17 -MD -MT CMakeFiles/cmTC_f176d.dir/src.cxx.o -MF CMakeFiles/cmTC_f176d.dir/src.cxx.o.d -o CMakeFiles/cmTC_f176d.dir/src.cxx.o -c /Ltest/build-debug/CMakeFiles/CMakeScratch/TryCompile-n5rwKX/src.cxx
Linking CXX executable cmTC_f176d
/usr/bin/cmake -E cmake_link_script CMakeFiles/cmTC_f176d.dir/link.txt --verbose=1
/usr/bin/clang++ CMakeFiles/cmTC_f176d.dir/src.cxx.o -o cmTC_f176d 
gmake[1]: Leaving directory '/Ltest/build-debug/CMakeFiles/CMakeScratch/TryCompile-n5rwKX'


Source file was:
#ifdef _MSC_VER
#  if _MSVC_LANG < 201703L
#    error "The compiler defaults or is configured for C++ < 17"
#  endif
#elif __cplusplus < 201703L
#  error "The compiler defaults or is configured for C++ < 17"
#endif
int main() { return 0; }


Performing C SOURCE FILE Test CMAKE_HAVE_LIBC_PTHREAD succeeded with the following output:
Change Dir: /Ltest/build-debug/CMakeFiles/CMakeScratch/TryCompile-6vyx7N

Run Build Command(s):/usr/bin/gmake -f Makefile cmTC_db10f/fast && /usr/bin/gmake  -f CMakeFiles/cmTC_db10f.dir/build.make CMakeFiles/cmTC_db10f.dir/build
gmake[1]: Entering directory '/Ltest/build-debug/CMakeFiles/CMakeScratch/TryCompile-6vyx7N'
Building C object CMakeFiles/cmTC_db10f.dir/src.c.o
/usr/bin/clang -DCMAKE_HAVE_LIBC_PTHREAD   -MD -MT CMakeFiles/cmTC_db10f.dir/src.c.o -MF CMakeFiles/cmTC_db10f.dir/src.c.o.d -o CMakeFiles/cmTC_db10f.dir/src.c.o -c /Ltest/build-debug/CMakeFiles/CMakeScratch/TryCompile-6vyx7N/src.c
Linking C executable cmTC_db10f
/usr/bin/cmake -E cmake_link_script CMakeFiles/cmTC_db10f.dir/link.txt --verbose=1
/usr/bin/clang CMakeFiles/cmTC_db10f.dir/src.c.o -o cmTC_db10f 
gmake[1]: Leaving directory '/Ltest/build-debug/CMakeFiles/CMakeScratch/TryCompile-6vyx7N'


Source file was:
#include <pthread.h>

static void* test_func(void* data)
{
  return data;
}

int main(void)
{
  pthread_t thread;
  pthread_create(&thread, NULL, test_func, NULL);
  pthread_detach(thread);
  pthread_cancel(thread);
  pthread_join(thread, NULL);
  pthread_atfork(NULL, NULL, NULL);
  pthread_exit(NULL);

  return 0;
}


Performing C++ SOURCE FILE Test ABSL_INTERNAL_AT_LEAST_CXX17 succeeded with the following output:
Change Dir: /Ltest/build-debug/CMakeFiles/CMakeScratch/TryCompile-pekHWU

Run Build Command(s):/usr/bin/gmake -f Makefile cmTC_642fc/fast && /usr/bin/gmake  -f CMakeFiles/cmTC_642fc.dir/build.make CMakeFiles/cmTC_642fc.dir/build
gmake[1]: Entering directory '/Ltest/build-debug/CMakeFiles/CMakeScratch/TryCompile-pekHWU'
Building CXX object CMakeFiles/cmTC_642fc.dir/src.cxx.o
/usr/bin/clang++ -DABSL_INTERNAL_AT_LEAST_CXX17  -std=gnu++17 -MD -MT CMakeFiles/cmTC_642fc.dir/src.cxx.o -MF CMakeFiles/cmTC_642fc.dir/src.cxx.o.d -o CMakeFiles/cmTC_642fc.dir/src.cxx.o -c /Ltest/build-debug/CMakeFiles/CMakeScratch/TryCompile-pekHWU/src.cxx
Linking CXX executable cmTC_642fc
/usr/bin/cmake -E cmake_link_script CMakeFiles/cmTC_642fc.dir/link.txt --verbose=1
/usr/bin/clang++ CMakeFiles/cmTC_642fc.dir/src.cxx.o -o cmTC_642fc 
gmake[1]: Leaving directory '/Ltest/build-debug/CMakeFiles/CMakeScratch/TryCompile-pekHWU'


Source file was:
#ifdef _MSC_VER
#  if _MSVC_LANG < 201703L
#    error "The compiler defaults or is configured for C++ < 17"
#  endif
#elif __cplusplus < 201703L
#  error "The compiler defaults or is configured for C++ < 17"
#endif
int main() { return 0; }


Performing C SOURCE FILE Test CMAKE_HAVE_LIBC_PTHREAD succeeded with the following output:
Change Dir: /Ltest/build-debug/CMakeFiles/CMakeScratch/TryCompile-Isfn2z

Run Build Command(s):/usr/bin/gmake -f Makefile cmTC_b401f/fast && /usr/bin/gmake  -f CMakeFiles/cmTC_b401f.dir/build.make CMakeFiles/cmTC_b401f.dir/build
gmake[1]: Entering directory '/Ltest/build-debug/CMakeFiles/CMakeScratch/TryCompile-Isfn2z'
Building C object CMakeFiles/cmTC_b401f.dir/src.c.o
/usr/bin/clang -DCMAKE_HAVE_LIBC_PTHREAD   -MD -MT CMakeFiles/cmTC_b401f.dir/src.c.o -MF CMakeFiles/cmTC_b401f.dir/src.c.o.d -o CMakeFiles/cmTC_b401f.dir/src.c.o -c /Ltest/build-debug/CMakeFiles/CMakeScratch/TryCompile-Isfn2z/src.c
Linking C executable cmTC_b401f
/usr/bin/cmake -E cmake_link_script CMakeFiles/cmTC_b401f.dir/link.txt --verbose=1
/usr/bin/clang CMakeFiles/cmTC_b401f.dir/src.c.o -o cmTC_b401f 
gmake[1]: Leaving directory '/Ltest/build-debug/CMakeFiles/CMakeScratch/TryCompile-Isfn2z'


Source file was:
#include <pthread.h>

static void* test_func(void* data)
{
  return data;
}

int main(void)
{
  pthread_t thread;
  pthread_create(&thread, NULL, test_func, NULL);
  pthread_detach(thread);
  pthread_cancel(thread);
  pthread_join(thread, NULL);
  pthread_atfork(NULL, NULL, NULL);
  pthread_exit(NULL);

  return 0;
}


Performing C++ SOURCE FILE Test ABSL_INTERNAL_AT_LEAST_CXX17 succeeded with the following output:
Change Dir: /Ltest/build-debug/CMakeFiles/CMakeScratch/TryCompile-B5upuf

Run Build Command(s):/usr/bin/gmake -f Makefile cmTC_65fca/fast && /usr/bin/gmake  -f CMakeFiles/cmTC_65fca.dir/build.make CMakeFiles/cmTC_65fca.dir/build
gmake[1]: Entering directory '/Ltest/build-debug/CMakeFiles/CMakeScratch/TryCompile-B5upuf'
Building CXX object CMakeFiles/cmTC_65fca.dir/src.cxx.o
/usr/bin/clang++ -DABSL_INTERNAL_AT_LEAST_CXX17  -std=gnu++17 -MD -MT CMakeFiles/cmTC_65fca.dir/src.cxx.o -MF CMakeFiles/cmTC_65fca.dir/src.cxx.o.d -o CMakeFiles/cmTC_65fca.dir/src.cxx.o -c /Ltest/build-debug/CMakeFiles/CMakeScratch/TryCompile-B5upuf/src.cxx
Linking CXX executable cmTC_65fca
/usr/bin/cmake -E cmake_link_script CMakeFiles/cmTC_65fca.dir/link.txt --verbose=1
/usr/bin/clang++ CMakeFiles/cmTC_65fca.dir/src.cxx.o -o cmTC_65fca 
gmake[1]: Leaving directory '/Ltest/build-debug/CMakeFiles/CMakeScratch/TryCompile-B5upuf'


Source file was:
#ifdef _MSC_VER
#  if _MSVC_LANG < 201703L
#    error "The compiler defaults or is configured for C++ < 17"
#  endif
#elif __cplusplus < 201703L
#  error "The compiler defaults or is configured for C++ < 17"
#endif
int main() { return 0; }


Performing C SOURCE FILE Test CMAKE_HAVE_LIBC_PTHREAD succeeded with the following output:
Change Dir: /Ltest/build-debug/CMakeFiles/CMakeScratch/TryCompile-1paxoC

Run Build Command(s):/usr/bin/gmake -f Makefile cmTC_3ecd5/fast && /usr/bin/gmake  -f CMakeFiles/cmTC_3ecd5.dir/build.make CMakeFiles/cmTC_3ecd5.dir/build
gmake[1]: Entering directory '/Ltest/build-debug/CMakeFiles/CMakeScratch/TryCompile-1paxoC'
Building C object CMakeFiles/cmTC_3ecd5.dir/src.c.o
/usr/bin/clang -DCMAKE_HAVE_LIBC_PTHREAD   -MD -MT CMakeFiles/cmTC_3ecd5.dir/src.c.o -MF CMakeFiles/cmTC_3ecd5.dir/src.c.o.d -o CMakeFiles/cmTC_3ecd5.dir/src.c.o -c /Ltest/build-debug/CMakeFiles/CMakeScratch/TryCompile-1paxoC/src.c
Linking C executable cmTC_3ecd5
/usr/bin/cmake -E cmake_link_script CMakeFiles/cmTC_3ecd5.dir/link.txt --verbose=1
/usr/bin/clang CMakeFiles/cmTC_3ecd5.dir/src.c.o -o cmTC_3ecd5 
gmake[1]: Leaving directory '/Ltest/build-debug/CMakeFiles/CMakeScratch/TryCompile-1paxoC'


Source file was:
#include <pthread.h>

static void* test_func(void* data)
{
  return data;
}

int main(void)
{
  pthread_t thread;
  pthread_create(&thread, NULL, test_func, NULL);
  pthread_detach(thread);
  pthread_cancel(thread);
  pthread_join(thread, NULL);
  pthread_atfork(NULL, NULL, NULL);
  pthread_exit(NULL);

  return 0;
}


