Performing C++ SOURCE FILE Test ABSL_INTERNAL_AT_LEAST_CXX20 failed with the following output:
Change Dir: /Ltest/build-debug/CMakeFiles/CMakeScratch/TryCompile-CagsvX

Run Build Command(s):/usr/bin/gmake -f Makefile cmTC_0859d/fast && /usr/bin/gmake  -f CMakeFiles/cmTC_0859d.dir/build.make CMakeFiles/cmTC_0859d.dir/build
gmake[1]: Entering directory '/Ltest/build-debug/CMakeFiles/CMakeScratch/TryCompile-CagsvX'
Building CXX object CMakeFiles/cmTC_0859d.dir/src.cxx.o
/usr/bin/clang++ -DABSL_INTERNAL_AT_LEAST_CXX20  -std=gnu++17 -MD -MT CMakeFiles/cmTC_0859d.dir/src.cxx.o -MF CMakeFiles/cmTC_0859d.dir/src.cxx.o.d -o CMakeFiles/cmTC_0859d.dir/src.cxx.o -c /Ltest/build-debug/CMakeFiles/CMakeScratch/TryCompile-CagsvX/src.cxx
/Ltest/build-debug/CMakeFiles/CMakeScratch/TryCompile-CagsvX/src.cxx:6:4: error: "The compiler defaults or is configured for C++ < 20"
    6 | #  error "The compiler defaults or is configured for C++ < 20"
      |    ^
1 error generated.
gmake[1]: *** [CMakeFiles/cmTC_0859d.dir/build.make:79: CMakeFiles/cmTC_0859d.dir/src.cxx.o] Error 1
gmake[1]: Leaving directory '/Ltest/build-debug/CMakeFiles/CMakeScratch/TryCompile-CagsvX'
gmake: *** [Makefile:127: cmTC_0859d/fast] Error 2


Source file was:
#ifdef _MSC_VER
#  if _MSVC_LANG < 202002L
#    error "The compiler defaults or is configured for C++ < 20"
#  endif
#elif __cplusplus < 202002L
#  error "The compiler defaults or is configured for C++ < 20"
#endif
int main() { return 0; }


Performing C++ SOURCE FILE Test ABSL_INTERNAL_AT_LEAST_CXX20 failed with the following output:
Change Dir: /Ltest/build-debug/CMakeFiles/CMakeScratch/TryCompile-TQCR91

Run Build Command(s):/usr/bin/gmake -f Makefile cmTC_0b135/fast && /usr/bin/gmake  -f CMakeFiles/cmTC_0b135.dir/build.make CMakeFiles/cmTC_0b135.dir/build
gmake[1]: Entering directory '/Ltest/build-debug/CMakeFiles/CMakeScratch/TryCompile-TQCR91'
Building CXX object CMakeFiles/cmTC_0b135.dir/src.cxx.o
/usr/bin/clang++ -DABSL_INTERNAL_AT_LEAST_CXX20  -std=gnu++17 -MD -MT CMakeFiles/cmTC_0b135.dir/src.cxx.o -MF CMakeFiles/cmTC_0b135.dir/src.cxx.o.d -o CMakeFiles/cmTC_0b135.dir/src.cxx.o -c /Ltest/build-debug/CMakeFiles/CMakeScratch/TryCompile-TQCR91/src.cxx
/Ltest/build-debug/CMakeFiles/CMakeScratch/TryCompile-TQCR91/src.cxx:6:4: error: "The compiler defaults or is configured for C++ < 20"
    6 | #  error "The compiler defaults or is configured for C++ < 20"
      |    ^
1 error generated.
gmake[1]: *** [CMakeFiles/cmTC_0b135.dir/build.make:79: CMakeFiles/cmTC_0b135.dir/src.cxx.o] Error 1
gmake[1]: Leaving directory '/Ltest/build-debug/CMakeFiles/CMakeScratch/TryCompile-TQCR91'
gmake: *** [Makefile:127: cmTC_0b135/fast] Error 2


Source file was:
#ifdef _MSC_VER
#  if _MSVC_LANG < 202002L
#    error "The compiler defaults or is configured for C++ < 20"
#  endif
#elif __cplusplus < 202002L
#  error "The compiler defaults or is configured for C++ < 20"
#endif
int main() { return 0; }


Performing C++ SOURCE FILE Test ABSL_INTERNAL_AT_LEAST_CXX20 failed with the following output:
Change Dir: /Ltest/build-debug/CMakeFiles/CMakeScratch/TryCompile-mY2oqG

Run Build Command(s):/usr/bin/gmake -f Makefile cmTC_c4fe2/fast && /usr/bin/gmake  -f CMakeFiles/cmTC_c4fe2.dir/build.make CMakeFiles/cmTC_c4fe2.dir/build
gmake[1]: Entering directory '/Ltest/build-debug/CMakeFiles/CMakeScratch/TryCompile-mY2oqG'
Building CXX object CMakeFiles/cmTC_c4fe2.dir/src.cxx.o
/usr/bin/clang++ -DABSL_INTERNAL_AT_LEAST_CXX20  -std=gnu++17 -MD -MT CMakeFiles/cmTC_c4fe2.dir/src.cxx.o -MF CMakeFiles/cmTC_c4fe2.dir/src.cxx.o.d -o CMakeFiles/cmTC_c4fe2.dir/src.cxx.o -c /Ltest/build-debug/CMakeFiles/CMakeScratch/TryCompile-mY2oqG/src.cxx
/Ltest/build-debug/CMakeFiles/CMakeScratch/TryCompile-mY2oqG/src.cxx:6:4: error: "The compiler defaults or is configured for C++ < 20"
    6 | #  error "The compiler defaults or is configured for C++ < 20"
      |    ^
1 error generated.
gmake[1]: *** [CMakeFiles/cmTC_c4fe2.dir/build.make:79: CMakeFiles/cmTC_c4fe2.dir/src.cxx.o] Error 1
gmake[1]: Leaving directory '/Ltest/build-debug/CMakeFiles/CMakeScratch/TryCompile-mY2oqG'
gmake: *** [Makefile:127: cmTC_c4fe2/fast] Error 2


Source file was:
#ifdef _MSC_VER
#  if _MSVC_LANG < 202002L
#    error "The compiler defaults or is configured for C++ < 20"
#  endif
#elif __cplusplus < 202002L
#  error "The compiler defaults or is configured for C++ < 20"
#endif
int main() { return 0; }


Performing C++ SOURCE FILE Test ABSL_INTERNAL_AT_LEAST_CXX20 failed with the following output:
Change Dir: /Ltest/build-debug/CMakeFiles/CMakeScratch/TryCompile-riBflu

Run Build Command(s):/usr/bin/gmake -f Makefile cmTC_b5522/fast && /usr/bin/gmake  -f CMakeFiles/cmTC_b5522.dir/build.make CMakeFiles/cmTC_b5522.dir/build
gmake[1]: Entering directory '/Ltest/build-debug/CMakeFiles/CMakeScratch/TryCompile-riBflu'
Building CXX object CMakeFiles/cmTC_b5522.dir/src.cxx.o
/usr/bin/clang++ -DABSL_INTERNAL_AT_LEAST_CXX20  -std=gnu++17 -MD -MT CMakeFiles/cmTC_b5522.dir/src.cxx.o -MF CMakeFiles/cmTC_b5522.dir/src.cxx.o.d -o CMakeFiles/cmTC_b5522.dir/src.cxx.o -c /Ltest/build-debug/CMakeFiles/CMakeScratch/TryCompile-riBflu/src.cxx
/Ltest/build-debug/CMakeFiles/CMakeScratch/TryCompile-riBflu/src.cxx:6:4: error: "The compiler defaults or is configured for C++ < 20"
    6 | #  error "The compiler defaults or is configured for C++ < 20"
      |    ^
1 error generated.
gmake[1]: *** [CMakeFiles/cmTC_b5522.dir/build.make:79: CMakeFiles/cmTC_b5522.dir/src.cxx.o] Error 1
gmake[1]: Leaving directory '/Ltest/build-debug/CMakeFiles/CMakeScratch/TryCompile-riBflu'
gmake: *** [Makefile:127: cmTC_b5522/fast] Error 2


Source file was:
#ifdef _MSC_VER
#  if _MSVC_LANG < 202002L
#    error "The compiler defaults or is configured for C++ < 20"
#  endif
#elif __cplusplus < 202002L
#  error "The compiler defaults or is configured for C++ < 20"
#endif
int main() { return 0; }


